<?xml version="1.0" encoding="UTF-8"?>
<!-- Generated by org.testng.reporters.JUnitReportReporter -->
<testsuite hostname="DESKTOP-FAIQAUP" failures="0" tests="4" name="ScrapeRecipes.scrapeTarlaDalal" time="497.899" errors="0" timestamp="2023-04-24T00:29:44 CDT" skipped="0">
  <testcase classname="ScrapeRecipes.scrapeTarlaDalal" name="search_for_recipes_pcos" time="135.491"/>
  <system-out/>
  <testcase classname="ScrapeRecipes.scrapeTarlaDalal" name="search_for_recipes_hypothyroidism" time="119.401"/>
  <system-out/>
  <testcase classname="ScrapeRecipes.scrapeTarlaDalal" name="search_for_recipes_hypertension" time="118.876"/>
  <system-out/>
  <testcase classname="ScrapeRecipes.scrapeTarlaDalal" name="search_for_recipes_diabetes" time="124.131"/>
  <system-out/>
</testsuite> <!-- ScrapeRecipes.scrapeTarlaDalal -->
