<?xml version="1.0" encoding="UTF-8"?>
<!-- Generated by org.testng.reporters.JUnitReportReporter -->
<testsuite hostname="DESKTOP-FAIQAUP" failures="0" tests="1" name="ScrapeRecipes.dummy" time="1.050" errors="0" timestamp="2023-04-21T23:34:20 CDT" skipped="0">
  <testcase classname="ScrapeRecipes.dummy" name="writeExcel" time="1.050"/>
  <system-out/>
</testsuite> <!-- ScrapeRecipes.dummy -->
