<?xml version="1.0" encoding="UTF-8"?>
<!-- Generated by org.testng.reporters.JUnitReportReporter -->
<testsuite hostname="DESKTOP-FAIQAUP" failures="0" tests="4" name="ScrapeRecipes.scrapeTarlaDalal" time="1520.621" errors="0" timestamp="2023-04-24T11:39:41 CDT" skipped="0">
  <testcase classname="ScrapeRecipes.scrapeTarlaDalal" name="search_for_recipes_pcos" time="386.270"/>
  <system-out/>
  <testcase classname="ScrapeRecipes.scrapeTarlaDalal" name="search_for_recipes_hypothyroidism" time="370.372"/>
  <system-out/>
  <testcase classname="ScrapeRecipes.scrapeTarlaDalal" name="search_for_recipes_hypertension" time="377.745"/>
  <system-out/>
  <testcase classname="ScrapeRecipes.scrapeTarlaDalal" name="search_for_recipes_diabetes" time="386.234"/>
  <system-out/>
</testsuite> <!-- ScrapeRecipes.scrapeTarlaDalal -->
